-------------------------------------------------------------------------------
Test set: MyRESTTest
-------------------------------------------------------------------------------
Tests run: 2, Failures: 1, Errors: 0, Skipped: 0, Time elapsed: 1.798 s <<< FAILURE! - in MyRESTTest
alwaysFailTest(MyRESTTest)  Time elapsed: 0.031 s  <<< FAILURE!
java.lang.AssertionError: 

Expected: is <200>
     but: was <199>
	at MyRESTTest.alwaysFailTest(MyRESTTest.java:45)

