<?xml version="1.0" encoding="UTF-8"?>
<testsuite xmlns:xsi="http://www.w3.org/2001/XMLSchema-instance" xsi:noNamespaceSchemaLocation="https://maven.apache.org/surefire/maven-surefire-plugin/xsd/surefire-test-report.xsd" name="MyRESTTest" time="1.798" tests="2" errors="0" skipped="0" failures="1">
  <properties>
[...]
</properties>
  <testcase name="alwaysFailTest" classname="MyRESTTest" time="0.031">
    <failure message="&#10;Expected: is &lt;200&gt;&#10;     but: was &lt;199&gt;" type="java.lang.AssertionError"><![CDATA[java.lang.AssertionError: 

Expected: is <200>
     but: was <199>
	at MyRESTTest.alwaysFailTest(MyRESTTest.java:45)
]]></failure>
    <system-out><![CDATA[2018-05-12 12:05:43 INFO  MyRESTTest:44 - This test will always fail...
]]></system-out>
  </testcase>
  <testcase name="checkResultTest" classname="MyRESTTest" time="0.759"/>
</testsuite>