<?xml version="1.0" encoding="UTF-8"?>
<robot generator="Robot 3.0.4 (Python 3.6.5 on win32)" generated="20180513 14:17:04.811">
<suite id="s1" name="Ws Test" source="C:\eloadasra\code\testautomation\robotframework\ws_test.robot">
<test id="s1-t1" name="Check expected result of web service">
<kw name="Get" library="requests">
<doc>Sends a GET request.</doc>
<arguments>
<arg>http://localhost:8080/today</arg>
</arguments>
<assign>
<var>${result}</var>
</assign>
<msg timestamp="20180513 14:17:05.233" level="INFO">${result} = &lt;Response [200]&gt;</msg>
<status status="PASS" starttime="20180513 14:17:05.217" endtime="20180513 14:17:05.233"></status>
</kw>
<kw name="Log" library="BuiltIn">
<doc>Logs the given message with the given level.</doc>
<arguments>
<arg>${result.status_code}</arg>
</arguments>
<msg timestamp="20180513 14:17:05.233" level="INFO">200</msg>
<status status="PASS" starttime="20180513 14:17:05.233" endtime="20180513 14:17:05.233"></status>
</kw>
<kw name="Log" library="BuiltIn">
<doc>Logs the given message with the given level.</doc>
<arguments>
<arg>${result.text}</arg>
</arguments>
<msg timestamp="20180513 14:17:05.233" level="INFO">{"id":12,"date":"2018-05-13","status":"workday"}</msg>
<status status="PASS" starttime="20180513 14:17:05.233" endtime="20180513 14:17:05.233"></status>
</kw>
<kw name="Should Be Equal" library="BuiltIn">
<doc>Fails if the given objects are unequal.</doc>
<arguments>
<arg>${result.status_code}</arg>
<arg>${200}</arg>
</arguments>
<status status="PASS" starttime="20180513 14:17:05.233" endtime="20180513 14:17:05.233"></status>
</kw>
<kw name="Set Variable" library="BuiltIn">
<doc>Returns the given values which can then be assigned to a variables.</doc>
<arguments>
<arg>${result.text}</arg>
</arguments>
<assign>
<var>${json}</var>
</assign>
<msg timestamp="20180513 14:17:05.233" level="INFO">${json} = {"id":12,"date":"2018-05-13","status":"workday"}</msg>
<status status="PASS" starttime="20180513 14:17:05.233" endtime="20180513 14:17:05.233"></status>
</kw>
<kw name="Element Should Exist" library="JsonValidator">
<doc>Check the existence of one or more elements, matching [ http://jsonselect.org/ | JSONSelect] expression.</doc>
<arguments>
<arg>${json}</arg>
<arg>.status:contains("workday")</arg>
</arguments>
<status status="PASS" starttime="20180513 14:17:05.233" endtime="20180513 14:17:05.233"></status>
</kw>
<status status="PASS" starttime="20180513 14:17:05.217" endtime="20180513 14:17:05.233" critical="yes"></status>
</test>
<doc>Example test cases for testing our simple web service</doc>
<status status="PASS" starttime="20180513 14:17:04.827" endtime="20180513 14:17:05.233"></status>
</suite>
<statistics>
<total>
<stat pass="1" fail="0">Critical Tests</stat>
<stat pass="1" fail="0">All Tests</stat>
</total>
<tag>
</tag>
<suite>
<stat pass="1" fail="0" id="s1" name="Ws Test">Ws Test</stat>
</suite>
</statistics>
<errors>
</errors>
</robot>
