<?xml version="1.0" encoding="UTF-8"?>
<!-- Generated by org.testng.reporters.JUnitXMLReporter -->
<testsuite hostname="DESKTOP-LPUUFFN" ignored="0" tests="2" failures="1" timestamp="12 máj. 2018 11:05:44 GMT" time="0.826" errors="0">
  <testcase name="alwaysFailTest" time="0.031" classname="MyRESTTest">
    <failure type="java.lang.AssertionError" message="
Expected: is &amp;lt;200&amp;gt;
     but: was &amp;lt;199&amp;gt;">
      <![CDATA[java.lang.AssertionError: 
Expected: is <200>
     but: was <199>
at org.hamcrest.MatcherAssert.assertThat(MatcherAssert.java:18)
at org.hamcrest.MatcherAssert.assertThat(MatcherAssert.java:6)
at MyRESTTest.alwaysFailTest(MyRESTTest.java:45)
... Removed 30 stack frames]]>
    </failure>
  </testcase> <!-- alwaysFailTest -->
  <testcase name="checkResultTest" time="0.744" classname="MyRESTTest"/>
</testsuite>
